2021-08-27 16:45:57.894 INFO  com.cyj.serviceedu.EduApplication                 :55   [32m                  [0;39m Starting EduApplication on DESKTOP-Q8KK21T with PID 9700 (started by Administrator in E:\IntelliJ IDEA 2020.3.2\online_edu)
2021-08-27 16:45:57.905 INFO  com.cyj.serviceedu.EduApplication                 :655  [32m                  [0;39m The following profiles are active: dev
2021-08-27 16:46:01.185 INFO  o.s.d.r.config.RepositoryConfigurationDelegate    :246  [32m                  [0;39m Multiple Spring Data modules found, entering strict repository configuration mode!
2021-08-27 16:46:01.185 INFO  o.s.d.r.config.RepositoryConfigurationDelegate    :126  [32m                  [0;39m Bootstrapping Spring Data repositories in DEFAULT mode.
2021-08-27 16:46:01.254 INFO  o.s.d.r.config.RepositoryConfigurationDelegate    :184  [32m                  [0;39m Finished Spring Data repository scanning in 22ms. Found 0 repository interfaces.
2021-08-27 16:46:02.395 INFO  o.s.c.s.PostProcessorRegistrationDelegate$BeanPostProcessorChecker:330  [32m                  [0;39m Bean 'org.springframework.transaction.annotation.ProxyTransactionManagementConfiguration' of type [org.springframework.transaction.annotation.ProxyTransactionManagementConfiguration] is not eligible for getting processed by all BeanPostProcessors (for example: not eligible for auto-proxying)
2021-08-27 16:46:03.365 INFO  o.s.boot.web.embedded.tomcat.TomcatWebServer      :92   [32m                  [0;39m Tomcat initialized with port(s): 8001 (http)
2021-08-27 16:46:03.385 INFO  org.apache.coyote.http11.Http11NioProtocol        :173  [32m                  [0;39m Initializing ProtocolHandler ["http-nio-8001"]
2021-08-27 16:46:03.395 INFO  org.apache.catalina.core.StandardService          :173  [32m                  [0;39m Starting service [Tomcat]
2021-08-27 16:46:03.395 INFO  org.apache.catalina.core.StandardEngine           :173  [32m                  [0;39m Starting Servlet engine: [Apache Tomcat/9.0.27]
2021-08-27 16:46:03.405 INFO  org.apache.catalina.core.AprLifecycleListener     :173  [32m                  [0;39m Loaded APR based Apache Tomcat Native library [1.2.26] using APR version [1.7.0].
2021-08-27 16:46:03.405 INFO  org.apache.catalina.core.AprLifecycleListener     :173  [32m                  [0;39m APR capabilities: IPv6 [true], sendfile [true], accept filters [false], random [true].
2021-08-27 16:46:03.415 INFO  org.apache.catalina.core.AprLifecycleListener     :173  [32m                  [0;39m APR/OpenSSL configuration: useAprConnector [false], useOpenSSL [true]
2021-08-27 16:46:03.505 INFO  org.apache.catalina.core.AprLifecycleListener     :173  [32m                  [0;39m OpenSSL successfully initialized [OpenSSL 1.1.1i  8 Dec 2020]
2021-08-27 16:46:03.875 INFO  o.a.c.core.ContainerBase.[Tomcat].[localhost].[/] :173  [32m                  [0;39m Initializing Spring embedded WebApplicationContext
2021-08-27 16:46:03.875 INFO  org.springframework.web.context.ContextLoader     :284  [32m                  [0;39m Root WebApplicationContext: initialization completed in 5690 ms
2021-08-27 16:46:04.515 INFO  com.zaxxer.hikari.HikariDataSource                :110  [32m                  [0;39m HikariPool-1 - Starting...
2021-08-27 16:46:05.115 INFO  com.zaxxer.hikari.HikariDataSource                :123  [32m                  [0;39m HikariPool-1 - Start completed.
2021-08-27 16:46:06.525 INFO  s.d.s.w.PropertySourcedRequestMappingHandlerMapping:69   [32m                  [0;39m Mapped URL path [/v2/api-docs] onto method [springfox.documentation.swagger2.web.Swagger2Controller#getDocumentation(String, HttpServletRequest)]
2021-08-27 16:46:06.875 INFO  o.s.scheduling.concurrent.ThreadPoolTaskExecutor  :171  [32m                  [0;39m Initializing ExecutorService 'applicationTaskExecutor'
2021-08-27 16:46:08.295 INFO  s.d.s.web.plugins.DocumentationPluginsBootstrapper:147  [32m                  [0;39m Context refreshed
2021-08-27 16:46:08.375 INFO  s.d.s.web.plugins.DocumentationPluginsBootstrapper:150  [32m                  [0;39m Found 1 custom documentation plugin(s)
2021-08-27 16:46:08.465 INFO  s.d.spring.web.scanners.ApiListingReferenceScanner:41   [32m                  [0;39m Scanning for api listing references
2021-08-27 16:46:08.995 INFO  org.apache.coyote.http11.Http11NioProtocol        :173  [32m                  [0;39m Starting ProtocolHandler ["http-nio-8001"]
2021-08-27 16:46:09.075 INFO  o.s.boot.web.embedded.tomcat.TomcatWebServer      :204  [32m                  [0;39m Tomcat started on port(s): 8001 (http) with context path ''
2021-08-27 16:46:09.075 INFO  com.cyj.serviceedu.EduApplication                 :61   [32m                  [0;39m Started EduApplication in 13.594 seconds (JVM running for 16.651)
2021-08-27 16:46:09.085 INFO  com.cyj.serviceedu.EduApplication                 :20   [32m                  [0;39m 启动成功！！
2021-08-27 16:46:09.085 INFO  com.cyj.serviceedu.EduApplication                 :21   [32m                  [0;39m 地址: 	http://127.0.0.1:8001
2021-08-27 16:46:23.175 INFO  o.a.c.core.ContainerBase.[Tomcat].[localhost].[/] :173  [32m                  [0;39m Initializing Spring DispatcherServlet 'dispatcherServlet'
2021-08-27 16:46:23.175 INFO  org.springframework.web.servlet.DispatcherServlet :525  [32m                  [0;39m Initializing Servlet 'dispatcherServlet'
2021-08-27 16:46:23.196 INFO  org.springframework.web.servlet.DispatcherServlet :547  [32m                  [0;39m Completed initialization in 21 ms
2021-08-27 16:47:41.324 INFO  com.cyj.serviceedu.EduApplication                 :55   [32m                  [0;39m Starting EduApplication on DESKTOP-Q8KK21T with PID 3092 (started by Administrator in E:\IntelliJ IDEA 2020.3.2\online_edu)
2021-08-27 16:47:41.332 INFO  com.cyj.serviceedu.EduApplication                 :655  [32m                  [0;39m The following profiles are active: dev
2021-08-27 16:47:42.953 INFO  o.s.d.r.config.RepositoryConfigurationDelegate    :246  [32m                  [0;39m Multiple Spring Data modules found, entering strict repository configuration mode!
2021-08-27 16:47:42.955 INFO  o.s.d.r.config.RepositoryConfigurationDelegate    :126  [32m                  [0;39m Bootstrapping Spring Data repositories in DEFAULT mode.
2021-08-27 16:47:42.983 INFO  o.s.d.r.config.RepositoryConfigurationDelegate    :184  [32m                  [0;39m Finished Spring Data repository scanning in 12ms. Found 0 repository interfaces.
2021-08-27 16:47:43.374 INFO  o.s.c.s.PostProcessorRegistrationDelegate$BeanPostProcessorChecker:330  [32m                  [0;39m Bean 'org.springframework.transaction.annotation.ProxyTransactionManagementConfiguration' of type [org.springframework.transaction.annotation.ProxyTransactionManagementConfiguration] is not eligible for getting processed by all BeanPostProcessors (for example: not eligible for auto-proxying)
2021-08-27 16:47:43.729 INFO  o.s.boot.web.embedded.tomcat.TomcatWebServer      :92   [32m                  [0;39m Tomcat initialized with port(s): 8001 (http)
2021-08-27 16:47:43.744 INFO  org.apache.coyote.http11.Http11NioProtocol        :173  [32m                  [0;39m Initializing ProtocolHandler ["http-nio-8001"]
2021-08-27 16:47:43.744 INFO  org.apache.catalina.core.StandardService          :173  [32m                  [0;39m Starting service [Tomcat]
2021-08-27 16:47:43.744 INFO  org.apache.catalina.core.StandardEngine           :173  [32m                  [0;39m Starting Servlet engine: [Apache Tomcat/9.0.27]
2021-08-27 16:47:43.760 INFO  org.apache.catalina.core.AprLifecycleListener     :173  [32m                  [0;39m Loaded APR based Apache Tomcat Native library [1.2.26] using APR version [1.7.0].
2021-08-27 16:47:43.760 INFO  org.apache.catalina.core.AprLifecycleListener     :173  [32m                  [0;39m APR capabilities: IPv6 [true], sendfile [true], accept filters [false], random [true].
2021-08-27 16:47:43.760 INFO  org.apache.catalina.core.AprLifecycleListener     :173  [32m                  [0;39m APR/OpenSSL configuration: useAprConnector [false], useOpenSSL [true]
2021-08-27 16:47:43.760 INFO  org.apache.catalina.core.AprLifecycleListener     :173  [32m                  [0;39m OpenSSL successfully initialized [OpenSSL 1.1.1i  8 Dec 2020]
2021-08-27 16:47:43.960 INFO  o.a.c.core.ContainerBase.[Tomcat].[localhost].[/] :173  [32m                  [0;39m Initializing Spring embedded WebApplicationContext
2021-08-27 16:47:43.960 INFO  org.springframework.web.context.ContextLoader     :284  [32m                  [0;39m Root WebApplicationContext: initialization completed in 2534 ms
2021-08-27 16:47:44.330 INFO  com.zaxxer.hikari.HikariDataSource                :110  [32m                  [0;39m HikariPool-1 - Starting...
2021-08-27 16:47:44.633 INFO  com.zaxxer.hikari.HikariDataSource                :123  [32m                  [0;39m HikariPool-1 - Start completed.
2021-08-27 16:47:45.296 INFO  s.d.s.w.PropertySourcedRequestMappingHandlerMapping:69   [32m                  [0;39m Mapped URL path [/v2/api-docs] onto method [springfox.documentation.swagger2.web.Swagger2Controller#getDocumentation(String, HttpServletRequest)]
2021-08-27 16:47:45.443 INFO  o.s.scheduling.concurrent.ThreadPoolTaskExecutor  :171  [32m                  [0;39m Initializing ExecutorService 'applicationTaskExecutor'
2021-08-27 16:47:46.112 INFO  s.d.s.web.plugins.DocumentationPluginsBootstrapper:147  [32m                  [0;39m Context refreshed
2021-08-27 16:47:46.133 INFO  s.d.s.web.plugins.DocumentationPluginsBootstrapper:150  [32m                  [0;39m Found 1 custom documentation plugin(s)
2021-08-27 16:47:46.192 INFO  s.d.spring.web.scanners.ApiListingReferenceScanner:41   [32m                  [0;39m Scanning for api listing references
2021-08-27 16:47:46.482 INFO  org.apache.coyote.http11.Http11NioProtocol        :173  [32m                  [0;39m Starting ProtocolHandler ["http-nio-8001"]
2021-08-27 16:47:46.529 INFO  o.s.boot.web.embedded.tomcat.TomcatWebServer      :204  [32m                  [0;39m Tomcat started on port(s): 8001 (http) with context path ''
2021-08-27 16:47:46.536 INFO  com.cyj.serviceedu.EduApplication                 :61   [32m                  [0;39m Started EduApplication in 6.059 seconds (JVM running for 7.372)
2021-08-27 16:47:46.536 INFO  com.cyj.serviceedu.EduApplication                 :20   [32m                  [0;39m 启动成功！！
2021-08-27 16:47:46.536 INFO  com.cyj.serviceedu.EduApplication                 :21   [32m                  [0;39m 地址: 	http://127.0.0.1:8001
2021-08-27 16:47:54.155 INFO  o.a.c.core.ContainerBase.[Tomcat].[localhost].[/] :173  [32m                  [0;39m Initializing Spring DispatcherServlet 'dispatcherServlet'
2021-08-27 16:47:54.155 INFO  org.springframework.web.servlet.DispatcherServlet :525  [32m                  [0;39m Initializing Servlet 'dispatcherServlet'
2021-08-27 16:47:54.171 INFO  org.springframework.web.servlet.DispatcherServlet :547  [32m                  [0;39m Completed initialization in 16 ms
